#
# A fatal error has been detected by the Java Runtime Environment:
#
#  EXCEPTION_ACCESS_VIOLATION (0xc0000005) at pc=0x00007ff929f56cc8, pid=20308, tid=19576
#
# JRE version: OpenJDK Runtime Environment Microsoft-9889606 (21.0.4+7) (build 21.0.4+7-LTS)
# Java VM: OpenJDK 64-Bit Server VM Microsoft-9889606 (21.0.4+7-LTS, mixed mode, sharing, tiered, compressed oops, compressed class ptrs, g1 gc, windows-aarch64)
# Problematic frame:
# C  [awt.dll+0xc6cc8]
#
# No core dump will be written. Minidumps are not enabled by default on client versions of Windows
#
# If you would like to submit a bug report, please visit:
#   https://github.com/microsoft/openjdk/issues
# The crash happened outside the Java Virtual Machine in native code.
# See problematic frame for where to report the bug.
#

---------------  S U M M A R Y ------------

Command Line: -javaagent:C:\Program Files\JetBrains\IntelliJ IDEA Community Edition 2024.1.4\lib\idea_rt.jar=53369:C:\Program Files\JetBrains\IntelliJ IDEA Community Edition 2024.1.4\bin -Dfile.encoding=UTF-8 -Dsun.stdout.encoding=UTF-8 -Dsun.stderr.encoding=UTF-8 ObjTalk

Host: Snapdragon(R) X Elite - X1E80100 - Qualcomm(R) Oryon(TM) CPU, 12 cores, 15G,  Windows 11 , 64 bit Build 26100 (10.0.26100.2033)
Time: Wed Nov  6 14:34:56 2024  Windows 11 , 64 bit Build 26100 (10.0.26100.2033) elapsed time: 18.983441 seconds (0d 0h 0m 18s)

---------------  T H R E A D  ---------------

Current thread (0x0000027304b62f90):  JavaThread "AWT-Windows" daemon [_thread_in_native, id=19576, stack(0x00000093c6800000,0x00000093c6900000) (1024K)]

Stack: [0x00000093c6800000,0x00000093c6900000],  sp=0x00000093c68fef10,  free space=1019k
Native frames: (J=compiled Java code, j=interpreted, Vv=VM code, C=native code)
C  [awt.dll+0xc6cc8]
Java frames: (J=compiled Java code, j=interpreted, Vv=VM code)
j  sun.awt.windows.WToolkit.eventLoop()V+0 java.desktop@21.0.4
j  sun.awt.windows.WToolkit.run()V+50 java.desktop@21.0.4
j  java.lang.Thread.runWith(Ljava/lang/Object;Ljava/lang/Runnable;)V+5 java.base@21.0.4
j  java.lang.Thread.run()V+19 java.base@21.0.4
v  ~StubRoutines::call_stub 0x0000027315f50140

siginfo: EXCEPTION_ACCESS_VIOLATION (0xc0000005), reading address 0x0000000000000719


Registers:
X0 =0x00000000000006d1, X1 =0x0000000000000000, X2 =0x0000000000000001, X3 =0x0000000000000000
X4 =0x0000000000000000, X5 =0x0000000000000000, X6 =0x0000000000000000, X7 =0x0000000000000000
X8 =0x000002732c5f0ef0, X9 =0x00000273034b0640, X10=0x00007ff929fc6840, X11=0x00007ff929fc6840
X12=0x0000000000000000, X13=0x0000000000000000, X14=0x0000000000000000, X15=0x0000000000000000
X16=0xfffffffffffffffe, X17=0x000079f064449dc6, X18=0x0000000000000000, X19=0x00000000000006d1
, X20=0x0000000000000000, X21=0x000002732c6483a0, X22=0x0000027304ae7bd0, X23=0x000000002a040b28
, X24=0x000002732c6483dc, X25=0x000002732c5f0f60, X26=0x00000093c68fefb0, X27=0x000002732c6483c0, X28=0x0000000000000000


Register to memory mapping:

 X0=0x00000000000006d1 is an unknown value
 X1=0x0 is null
 X2=0x0000000000000001 is an unknown value
 X3=0x0 is null
 X4=0x0 is null
 X5=0x0 is null
 X6=0x0 is null
 X7=0x0 is null
 X8=0x000002732c5f0ef0 points into unknown readable memory: 0x00000000000006d1 | d1 06 00 00 00 00 00 00
 X9=0x00000273034b0640 points into unknown readable memory: 0x0000000000000000 | 00 00 00 00 00 00 00 00
X10=0x00007ff929fc6840 awt.dll
X11=0x00007ff929fc6840 awt.dll
X12=0x0 is null
X13=0x0 is null
X14=0x0 is null
X15=0x0 is null
X16=0xfffffffffffffffe is an unknown value
X17=0x000079f064449dc6 is an unknown value
X18=0x0 is null
X19=0x00000000000006d1 is an unknown value
X20=0x0 is null
X21=0x000002732c6483a0 points into unknown readable memory: 0x0000000100000020 | 20 00 00 00 01 00 00 00
X22=0x0000027304ae7bd0 points into unknown readable memory: 0x00007ff929f90c70 | 70 0c f9 29 f9 7f 00 00
X23=0x000000002a040b28 is an unknown value
X24=0x000002732c6483dc points into unknown readable memory: 73 02 00 00
X25=0x000002732c5f0f60 points into unknown readable memory: 0x000002732c5f0ef0 | f0 0e 5f 2c 73 02 00 00
X26=0x00000093c68fefb0 is pointing into the stack for thread: 0x0000027304b62f90
X27=0x000002732c6483c0 points into unknown readable memory: 0x0000001f00000008 | 08 00 00 00 1f 00 00 00
X28=0x0 is null

Top of Stack: (sp=0x00000093c68fef10)
0x00000093c68fef10:   00000093c68ff020 00007ff929f5d424
0x00000093c68fef20:   0000027304ae7bd0 000002732c5f0f60
0x00000093c68fef30:   fffffffffffffffe 000002732c6483c0
0x00000093c68fef40:   0000000000000000 00007ff929f71ca8
0x00000093c68fef50:   0000027304ae7bd0 00007ff929fce000
0x00000093c68fef60:   0000000000000000 000000000000000f
0x00000093c68fef70:   0000000000000000 00007ff929fd2ed0
0x00000093c68fef80:   000000000000000f 00000000000601a6
0x00000093c68fef90:   0000000000000000 0000000000000000
0x00000093c68fefa0:   00007ff929f07dcc 00000093c68fefb0
0x00000093c68fefb0:   0000000000000000 0000000000000000
0x00000093c68fefc0:   0000000000000000 0000000000000000
0x00000093c68fefd0:   0000000000000000 0000000000000000
0x00000093c68fefe0:   0000027304b63348 0000027304ae7c70
0x00000093c68feff0:   fffffffffffffffe 00000093c68ff2b0
0x00000093c68ff000:   00000093c68ff1b8 0000000000000001
0x00000093c68ff010:   0000000000000048 ffff86a3624b524a
0x00000093c68ff020:   00000093c68ff130 00007ff929f5cc90
0x00000093c68ff030:   0000027304ae7bd0 0000000000000000
0x00000093c68ff040:   000000000000000f 0000000000000000
0x00000093c68ff050:   0000000000000000 0000000000000000
0x00000093c68ff060:   000000000000000f 000000000000000f
0x00000093c68ff070:   0000000000000000 00000093c4fec800
0x00000093c68ff080:   00000093c68ff0b0 eb3ffff98df778fc
0x00000093c68ff090:   00000000ffffffeb 00000273050816a0
0x00000093c68ff0a0:   0000000000000000 ffffa37b2d8ba5b6
0x00000093c68ff0b0:   0000000000000000 ffff86a3624b52ea
0x00000093c68ff0c0:   0000000000000000 0000000000000000
0x00000093c68ff0d0:   000000000000000f 0000027304ae7bd0
0x00000093c68ff0e0:   0000000000000000 00007ff929f2abe0
0x00000093c68ff0f0:   0000009300000001 d85cfff929f0bf68
0x00000093c68ff100:   0000000000000000 00000000000601a6 

Instructions: (pc=0x00007ff929f56cc8)
0x00007ff929f56ca8:   13 00 80 d2 e0 03 14 aa aa 67 fd 97 1f 20 03 d5
0x00007ff929f56cb8:   e0 03 13 aa fd 7b c2 a8 f3 53 c1 a8 c0 03 5f d6
0x00007ff929f56cc8:   00 48 40 bd c0 03 5f d6 00 4c 40 bd c0 03 5f d6
0x00007ff929f56cd8:   fd 7b ba a9 f3 53 01 a9 f5 5b 02 a9 f7 63 03 a9 


Stack slot to memory mapping:

stack at sp + 0 slots: 0x00000093c68ff020 is pointing into the stack for thread: 0x0000027304b62f90
stack at sp + 1 slots: 0x00007ff929f5d424 awt.dll
stack at sp + 2 slots: 0x0000027304ae7bd0 points into unknown readable memory: 0x00007ff929f90c70 | 70 0c f9 29 f9 7f 00 00
stack at sp + 3 slots: 0x000002732c5f0f60 points into unknown readable memory: 0x000002732c5f0ef0 | f0 0e 5f 2c 73 02 00 00
stack at sp + 4 slots: 0xfffffffffffffffe is an unknown value
stack at sp + 5 slots: 0x000002732c6483c0 points into unknown readable memory: 0x0000001f00000008 | 08 00 00 00 1f 00 00 00
stack at sp + 6 slots: 0x0 is null
stack at sp + 7 slots: 0x00007ff929f71ca8 awt.dll


---------------  P R O C E S S  ---------------

Threads class SMR info:
_java_thread_list=0x000002732c59b020, length=18, elements={
0x000002730482b360, 0x000002730482bf20, 0x000002730482f1f0, 0x0000027304831770,
0x0000027304834780, 0x0000027304837c90, 0x0000027304847ca0, 0x000002730484cfc0,
0x0000027304853810, 0x0000027304960e00, 0x0000027304961460, 0x0000027304b61360,
0x0000027304b61da0, 0x0000027304b62f90, 0x000002732c2bd1a0, 0x000002732c4faa50,
0x000002732c4f96d0, 0x000002732c4fb0d0
}

Java Threads: ( => current thread )
  0x000002730482b360 JavaThread "Reference Handler"          daemon [_thread_blocked, id=18608, stack(0x00000093c5b00000,0x00000093c5c00000) (1024K)]
  0x000002730482bf20 JavaThread "Finalizer"                  daemon [_thread_blocked, id=15768, stack(0x00000093c5c00000,0x00000093c5d00000) (1024K)]
  0x000002730482f1f0 JavaThread "Signal Dispatcher"          daemon [_thread_blocked, id=18888, stack(0x00000093c5d00000,0x00000093c5e00000) (1024K)]
  0x0000027304831770 JavaThread "Attach Listener"            daemon [_thread_blocked, id=20168, stack(0x00000093c5e00000,0x00000093c5f00000) (1024K)]
  0x0000027304834780 JavaThread "Service Thread"             daemon [_thread_blocked, id=4844, stack(0x00000093c5f00000,0x00000093c6000000) (1024K)]
  0x0000027304837c90 JavaThread "Monitor Deflation Thread"   daemon [_thread_blocked, id=11888, stack(0x00000093c6000000,0x00000093c6100000) (1024K)]
  0x0000027304847ca0 JavaThread "C2 CompilerThread0"         daemon [_thread_blocked, id=10448, stack(0x00000093c6100000,0x00000093c6200000) (1024K)]
  0x000002730484cfc0 JavaThread "C1 CompilerThread0"         daemon [_thread_blocked, id=2056, stack(0x00000093c6200000,0x00000093c6300000) (1024K)]
  0x0000027304853810 JavaThread "Common-Cleaner"             daemon [_thread_blocked, id=19600, stack(0x00000093c6300000,0x00000093c6400000) (1024K)]
  0x0000027304960e00 JavaThread "Monitor Ctrl-Break"         daemon [_thread_in_native, id=7976, stack(0x00000093c6400000,0x00000093c6500000) (1024K)]
  0x0000027304961460 JavaThread "Notification Thread"        daemon [_thread_blocked, id=19524, stack(0x00000093c6500000,0x00000093c6600000) (1024K)]
  0x0000027304b61360 JavaThread "Java2D Disposer"            daemon [_thread_blocked, id=8068, stack(0x00000093c6600000,0x00000093c6700000) (1024K)]
  0x0000027304b61da0 JavaThread "AWT-Shutdown"                      [_thread_blocked, id=20124, stack(0x00000093c6700000,0x00000093c6800000) (1024K)]
=>0x0000027304b62f90 JavaThread "AWT-Windows"                daemon [_thread_in_native, id=19576, stack(0x00000093c6800000,0x00000093c6900000) (1024K)]
  0x000002732c2bd1a0 JavaThread "AWT-EventQueue-0"                  [_thread_in_native, id=4816, stack(0x00000093c6a00000,0x00000093c6b00000) (1024K)]
  0x000002732c4faa50 JavaThread "DestroyJavaVM"                     [_thread_blocked, id=6012, stack(0x00000093c5300000,0x00000093c5400000) (1024K)]
  0x000002732c4f96d0 JavaThread "D3D Screen Updater"         daemon [_thread_blocked, id=6188, stack(0x00000093c6e00000,0x00000093c6f00000) (1024K)]
  0x000002732c4fb0d0 JavaThread "TimerQueue"                 daemon [_thread_blocked, id=18952, stack(0x00000093c6f00000,0x00000093c7000000) (1024K)]
Total: 18

Other Threads:
  0x000002730480bc50 VMThread "VM Thread"                           [id=6596, stack(0x00000093c5a00000,0x00000093c5b00000) (1024K)]
  0x00000273047102d0 WatcherThread "VM Periodic Task Thread"        [id=17312, stack(0x00000093c5900000,0x00000093c5a00000) (1024K)]
  0x0000027304644c40 WorkerThread "GC Thread#0"                     [id=19276, stack(0x00000093c5400000,0x00000093c5500000) (1024K)]
  0x0000027304656c40 ConcurrentGCThread "G1 Main Marker"            [id=17964, stack(0x00000093c5500000,0x00000093c5600000) (1024K)]
  0x00000273046333c0 WorkerThread "G1 Conc#0"                       [id=2648, stack(0x00000093c5600000,0x00000093c5700000) (1024K)]
  0x00000273046e0680 ConcurrentGCThread "G1 Refine#0"               [id=18552, stack(0x00000093c5700000,0x00000093c5800000) (1024K)]
  0x00000273046e1120 ConcurrentGCThread "G1 Service"                [id=4664, stack(0x00000093c5800000,0x00000093c5900000) (1024K)]
Total: 7

Threads with active compile tasks:
Total: 0

VM state: not at safepoint (normal execution)

VM Mutex/Monitor currently owned by a thread: None

Heap address: 0x0000000706600000, size: 3994 MB, Compressed Oops mode: Zero based, Oop shift amount: 3

CDS archive(s) mapped at: [0x0000009800000000-0x0000009800c90000-0x0000009800c90000), size 13172736, SharedBaseAddress: 0x0000009800000000, ArchiveRelocationMode: 1.
Compressed class space mapped at: 0x0000009801000000-0x0000009841000000, reserved size: 1073741824
Narrow klass base: 0x0000009800000000, Narrow klass shift: 0, Narrow klass range: 0x100000000

GC Precious Log:
 CardTable entry size: 512
 Card Set container configuration: InlinePtr #cards 4 size 8 Array Of Cards #cards 16 size 48 Howl #buckets 8 coarsen threshold 3686 Howl Bitmap #cards 512 size 80 coarsen threshold 460 Card regions per heap region 1 cards per card region 4096
 CPUs: 12 total, 12 available
 Memory: 15973M
 Large Page Support: Disabled
 NUMA Support: Disabled
 Compressed Oops: Enabled (Zero based)
 Heap Region Size: 2M
 Heap Min Capacity: 8M
 Heap Initial Capacity: 250M
 Heap Max Capacity: 3994M
 Pre-touch: Disabled
 Parallel Workers: 10
 Concurrent Workers: 3
 Concurrent Refinement Workers: 10
 Periodic GC: Disabled

Heap:
 garbage-first heap   total 256000K, used 10240K [0x0000000706600000, 0x0000000800000000)
  region size 2048K, 6 young (12288K), 0 survivors (0K)
 Metaspace       used 9579K, committed 9856K, reserved 1114112K
  class space    used 1104K, committed 1216K, reserved 1048576K

Heap Regions: E=young(eden), S=young(survivor), O=old, HS=humongous(starts), HC=humongous(continues), CS=collection set, F=free, TAMS=top-at-mark-start, PB=parsable bottom
|   0|0x0000000706600000, 0x0000000706600000, 0x0000000706800000|  0%| F|  |TAMS 0x0000000706600000| PB 0x0000000706600000| Untracked 
|   1|0x0000000706800000, 0x0000000706800000, 0x0000000706a00000|  0%| F|  |TAMS 0x0000000706800000| PB 0x0000000706800000| Untracked 
|   2|0x0000000706a00000, 0x0000000706a00000, 0x0000000706c00000|  0%| F|  |TAMS 0x0000000706a00000| PB 0x0000000706a00000| Untracked 
|   3|0x0000000706c00000, 0x0000000706c00000, 0x0000000706e00000|  0%| F|  |TAMS 0x0000000706c00000| PB 0x0000000706c00000| Untracked 
|   4|0x0000000706e00000, 0x0000000706e00000, 0x0000000707000000|  0%| F|  |TAMS 0x0000000706e00000| PB 0x0000000706e00000| Untracked 
|   5|0x0000000707000000, 0x0000000707000000, 0x0000000707200000|  0%| F|  |TAMS 0x0000000707000000| PB 0x0000000707000000| Untracked 
|   6|0x0000000707200000, 0x0000000707200000, 0x0000000707400000|  0%| F|  |TAMS 0x0000000707200000| PB 0x0000000707200000| Untracked 
|   7|0x0000000707400000, 0x0000000707400000, 0x0000000707600000|  0%| F|  |TAMS 0x0000000707400000| PB 0x0000000707400000| Untracked 
|   8|0x0000000707600000, 0x0000000707600000, 0x0000000707800000|  0%| F|  |TAMS 0x0000000707600000| PB 0x0000000707600000| Untracked 
|   9|0x0000000707800000, 0x0000000707800000, 0x0000000707a00000|  0%| F|  |TAMS 0x0000000707800000| PB 0x0000000707800000| Untracked 
|  10|0x0000000707a00000, 0x0000000707a00000, 0x0000000707c00000|  0%| F|  |TAMS 0x0000000707a00000| PB 0x0000000707a00000| Untracked 
|  11|0x0000000707c00000, 0x0000000707c00000, 0x0000000707e00000|  0%| F|  |TAMS 0x0000000707c00000| PB 0x0000000707c00000| Untracked 
|  12|0x0000000707e00000, 0x0000000707e00000, 0x0000000708000000|  0%| F|  |TAMS 0x0000000707e00000| PB 0x0000000707e00000| Untracked 
|  13|0x0000000708000000, 0x0000000708000000, 0x0000000708200000|  0%| F|  |TAMS 0x0000000708000000| PB 0x0000000708000000| Untracked 
|  14|0x0000000708200000, 0x0000000708200000, 0x0000000708400000|  0%| F|  |TAMS 0x0000000708200000| PB 0x0000000708200000| Untracked 
|  15|0x0000000708400000, 0x0000000708400000, 0x0000000708600000|  0%| F|  |TAMS 0x0000000708400000| PB 0x0000000708400000| Untracked 
|  16|0x0000000708600000, 0x0000000708600000, 0x0000000708800000|  0%| F|  |TAMS 0x0000000708600000| PB 0x0000000708600000| Untracked 
|  17|0x0000000708800000, 0x0000000708800000, 0x0000000708a00000|  0%| F|  |TAMS 0x0000000708800000| PB 0x0000000708800000| Untracked 
|  18|0x0000000708a00000, 0x0000000708a00000, 0x0000000708c00000|  0%| F|  |TAMS 0x0000000708a00000| PB 0x0000000708a00000| Untracked 
|  19|0x0000000708c00000, 0x0000000708c00000, 0x0000000708e00000|  0%| F|  |TAMS 0x0000000708c00000| PB 0x0000000708c00000| Untracked 
|  20|0x0000000708e00000, 0x0000000708e00000, 0x0000000709000000|  0%| F|  |TAMS 0x0000000708e00000| PB 0x0000000708e00000| Untracked 
|  21|0x0000000709000000, 0x0000000709000000, 0x0000000709200000|  0%| F|  |TAMS 0x0000000709000000| PB 0x0000000709000000| Untracked 
|  22|0x0000000709200000, 0x0000000709200000, 0x0000000709400000|  0%| F|  |TAMS 0x0000000709200000| PB 0x0000000709200000| Untracked 
|  23|0x0000000709400000, 0x0000000709400000, 0x0000000709600000|  0%| F|  |TAMS 0x0000000709400000| PB 0x0000000709400000| Untracked 
|  24|0x0000000709600000, 0x0000000709600000, 0x0000000709800000|  0%| F|  |TAMS 0x0000000709600000| PB 0x0000000709600000| Untracked 
|  25|0x0000000709800000, 0x0000000709800000, 0x0000000709a00000|  0%| F|  |TAMS 0x0000000709800000| PB 0x0000000709800000| Untracked 
|  26|0x0000000709a00000, 0x0000000709a00000, 0x0000000709c00000|  0%| F|  |TAMS 0x0000000709a00000| PB 0x0000000709a00000| Untracked 
|  27|0x0000000709c00000, 0x0000000709c00000, 0x0000000709e00000|  0%| F|  |TAMS 0x0000000709c00000| PB 0x0000000709c00000| Untracked 
|  28|0x0000000709e00000, 0x0000000709e00000, 0x000000070a000000|  0%| F|  |TAMS 0x0000000709e00000| PB 0x0000000709e00000| Untracked 
|  29|0x000000070a000000, 0x000000070a000000, 0x000000070a200000|  0%| F|  |TAMS 0x000000070a000000| PB 0x000000070a000000| Untracked 
|  30|0x000000070a200000, 0x000000070a200000, 0x000000070a400000|  0%| F|  |TAMS 0x000000070a200000| PB 0x000000070a200000| Untracked 
|  31|0x000000070a400000, 0x000000070a400000, 0x000000070a600000|  0%| F|  |TAMS 0x000000070a400000| PB 0x000000070a400000| Untracked 
|  32|0x000000070a600000, 0x000000070a600000, 0x000000070a800000|  0%| F|  |TAMS 0x000000070a600000| PB 0x000000070a600000| Untracked 
|  33|0x000000070a800000, 0x000000070a800000, 0x000000070aa00000|  0%| F|  |TAMS 0x000000070a800000| PB 0x000000070a800000| Untracked 
|  34|0x000000070aa00000, 0x000000070aa00000, 0x000000070ac00000|  0%| F|  |TAMS 0x000000070aa00000| PB 0x000000070aa00000| Untracked 
|  35|0x000000070ac00000, 0x000000070ac00000, 0x000000070ae00000|  0%| F|  |TAMS 0x000000070ac00000| PB 0x000000070ac00000| Untracked 
|  36|0x000000070ae00000, 0x000000070ae00000, 0x000000070b000000|  0%| F|  |TAMS 0x000000070ae00000| PB 0x000000070ae00000| Untracked 
|  37|0x000000070b000000, 0x000000070b000000, 0x000000070b200000|  0%| F|  |TAMS 0x000000070b000000| PB 0x000000070b000000| Untracked 
|  38|0x000000070b200000, 0x000000070b200000, 0x000000070b400000|  0%| F|  |TAMS 0x000000070b200000| PB 0x000000070b200000| Untracked 
|  39|0x000000070b400000, 0x000000070b400000, 0x000000070b600000|  0%| F|  |TAMS 0x000000070b400000| PB 0x000000070b400000| Untracked 
|  40|0x000000070b600000, 0x000000070b600000, 0x000000070b800000|  0%| F|  |TAMS 0x000000070b600000| PB 0x000000070b600000| Untracked 
|  41|0x000000070b800000, 0x000000070b800000, 0x000000070ba00000|  0%| F|  |TAMS 0x000000070b800000| PB 0x000000070b800000| Untracked 
|  42|0x000000070ba00000, 0x000000070ba00000, 0x000000070bc00000|  0%| F|  |TAMS 0x000000070ba00000| PB 0x000000070ba00000| Untracked 
|  43|0x000000070bc00000, 0x000000070bc00000, 0x000000070be00000|  0%| F|  |TAMS 0x000000070bc00000| PB 0x000000070bc00000| Untracked 
|  44|0x000000070be00000, 0x000000070be00000, 0x000000070c000000|  0%| F|  |TAMS 0x000000070be00000| PB 0x000000070be00000| Untracked 
|  45|0x000000070c000000, 0x000000070c000000, 0x000000070c200000|  0%| F|  |TAMS 0x000000070c000000| PB 0x000000070c000000| Untracked 
|  46|0x000000070c200000, 0x000000070c200000, 0x000000070c400000|  0%| F|  |TAMS 0x000000070c200000| PB 0x000000070c200000| Untracked 
|  47|0x000000070c400000, 0x000000070c400000, 0x000000070c600000|  0%| F|  |TAMS 0x000000070c400000| PB 0x000000070c400000| Untracked 
|  48|0x000000070c600000, 0x000000070c600000, 0x000000070c800000|  0%| F|  |TAMS 0x000000070c600000| PB 0x000000070c600000| Untracked 
|  49|0x000000070c800000, 0x000000070c800000, 0x000000070ca00000|  0%| F|  |TAMS 0x000000070c800000| PB 0x000000070c800000| Untracked 
|  50|0x000000070ca00000, 0x000000070ca00000, 0x000000070cc00000|  0%| F|  |TAMS 0x000000070ca00000| PB 0x000000070ca00000| Untracked 
|  51|0x000000070cc00000, 0x000000070cc00000, 0x000000070ce00000|  0%| F|  |TAMS 0x000000070cc00000| PB 0x000000070cc00000| Untracked 
|  52|0x000000070ce00000, 0x000000070ce00000, 0x000000070d000000|  0%| F|  |TAMS 0x000000070ce00000| PB 0x000000070ce00000| Untracked 
|  53|0x000000070d000000, 0x000000070d000000, 0x000000070d200000|  0%| F|  |TAMS 0x000000070d000000| PB 0x000000070d000000| Untracked 
|  54|0x000000070d200000, 0x000000070d200000, 0x000000070d400000|  0%| F|  |TAMS 0x000000070d200000| PB 0x000000070d200000| Untracked 
|  55|0x000000070d400000, 0x000000070d400000, 0x000000070d600000|  0%| F|  |TAMS 0x000000070d400000| PB 0x000000070d400000| Untracked 
|  56|0x000000070d600000, 0x000000070d600000, 0x000000070d800000|  0%| F|  |TAMS 0x000000070d600000| PB 0x000000070d600000| Untracked 
|  57|0x000000070d800000, 0x000000070d800000, 0x000000070da00000|  0%| F|  |TAMS 0x000000070d800000| PB 0x000000070d800000| Untracked 
|  58|0x000000070da00000, 0x000000070da00000, 0x000000070dc00000|  0%| F|  |TAMS 0x000000070da00000| PB 0x000000070da00000| Untracked 
|  59|0x000000070dc00000, 0x000000070dc00000, 0x000000070de00000|  0%| F|  |TAMS 0x000000070dc00000| PB 0x000000070dc00000| Untracked 
|  60|0x000000070de00000, 0x000000070de00000, 0x000000070e000000|  0%| F|  |TAMS 0x000000070de00000| PB 0x000000070de00000| Untracked 
|  61|0x000000070e000000, 0x000000070e000000, 0x000000070e200000|  0%| F|  |TAMS 0x000000070e000000| PB 0x000000070e000000| Untracked 
|  62|0x000000070e200000, 0x000000070e200000, 0x000000070e400000|  0%| F|  |TAMS 0x000000070e200000| PB 0x000000070e200000| Untracked 
|  63|0x000000070e400000, 0x000000070e400000, 0x000000070e600000|  0%| F|  |TAMS 0x000000070e400000| PB 0x000000070e400000| Untracked 
|  64|0x000000070e600000, 0x000000070e600000, 0x000000070e800000|  0%| F|  |TAMS 0x000000070e600000| PB 0x000000070e600000| Untracked 
|  65|0x000000070e800000, 0x000000070e800000, 0x000000070ea00000|  0%| F|  |TAMS 0x000000070e800000| PB 0x000000070e800000| Untracked 
|  66|0x000000070ea00000, 0x000000070ea00000, 0x000000070ec00000|  0%| F|  |TAMS 0x000000070ea00000| PB 0x000000070ea00000| Untracked 
|  67|0x000000070ec00000, 0x000000070ec00000, 0x000000070ee00000|  0%| F|  |TAMS 0x000000070ec00000| PB 0x000000070ec00000| Untracked 
|  68|0x000000070ee00000, 0x000000070ee00000, 0x000000070f000000|  0%| F|  |TAMS 0x000000070ee00000| PB 0x000000070ee00000| Untracked 
|  69|0x000000070f000000, 0x000000070f000000, 0x000000070f200000|  0%| F|  |TAMS 0x000000070f000000| PB 0x000000070f000000| Untracked 
|  70|0x000000070f200000, 0x000000070f200000, 0x000000070f400000|  0%| F|  |TAMS 0x000000070f200000| PB 0x000000070f200000| Untracked 
|  71|0x000000070f400000, 0x000000070f400000, 0x000000070f600000|  0%| F|  |TAMS 0x000000070f400000| PB 0x000000070f400000| Untracked 
|  72|0x000000070f600000, 0x000000070f600000, 0x000000070f800000|  0%| F|  |TAMS 0x000000070f600000| PB 0x000000070f600000| Untracked 
|  73|0x000000070f800000, 0x000000070f800000, 0x000000070fa00000|  0%| F|  |TAMS 0x000000070f800000| PB 0x000000070f800000| Untracked 
|  74|0x000000070fa00000, 0x000000070fa00000, 0x000000070fc00000|  0%| F|  |TAMS 0x000000070fa00000| PB 0x000000070fa00000| Untracked 
|  75|0x000000070fc00000, 0x000000070fc00000, 0x000000070fe00000|  0%| F|  |TAMS 0x000000070fc00000| PB 0x000000070fc00000| Untracked 
|  76|0x000000070fe00000, 0x000000070fe00000, 0x0000000710000000|  0%| F|  |TAMS 0x000000070fe00000| PB 0x000000070fe00000| Untracked 
|  77|0x0000000710000000, 0x0000000710000000, 0x0000000710200000|  0%| F|  |TAMS 0x0000000710000000| PB 0x0000000710000000| Untracked 
|  78|0x0000000710200000, 0x0000000710200000, 0x0000000710400000|  0%| F|  |TAMS 0x0000000710200000| PB 0x0000000710200000| Untracked 
|  79|0x0000000710400000, 0x0000000710400000, 0x0000000710600000|  0%| F|  |TAMS 0x0000000710400000| PB 0x0000000710400000| Untracked 
|  80|0x0000000710600000, 0x0000000710600000, 0x0000000710800000|  0%| F|  |TAMS 0x0000000710600000| PB 0x0000000710600000| Untracked 
|  81|0x0000000710800000, 0x0000000710800000, 0x0000000710a00000|  0%| F|  |TAMS 0x0000000710800000| PB 0x0000000710800000| Untracked 
|  82|0x0000000710a00000, 0x0000000710a00000, 0x0000000710c00000|  0%| F|  |TAMS 0x0000000710a00000| PB 0x0000000710a00000| Untracked 
|  83|0x0000000710c00000, 0x0000000710c00000, 0x0000000710e00000|  0%| F|  |TAMS 0x0000000710c00000| PB 0x0000000710c00000| Untracked 
|  84|0x0000000710e00000, 0x0000000710e00000, 0x0000000711000000|  0%| F|  |TAMS 0x0000000710e00000| PB 0x0000000710e00000| Untracked 
|  85|0x0000000711000000, 0x0000000711000000, 0x0000000711200000|  0%| F|  |TAMS 0x0000000711000000| PB 0x0000000711000000| Untracked 
|  86|0x0000000711200000, 0x0000000711200000, 0x0000000711400000|  0%| F|  |TAMS 0x0000000711200000| PB 0x0000000711200000| Untracked 
|  87|0x0000000711400000, 0x0000000711400000, 0x0000000711600000|  0%| F|  |TAMS 0x0000000711400000| PB 0x0000000711400000| Untracked 
|  88|0x0000000711600000, 0x0000000711600000, 0x0000000711800000|  0%| F|  |TAMS 0x0000000711600000| PB 0x0000000711600000| Untracked 
|  89|0x0000000711800000, 0x0000000711800000, 0x0000000711a00000|  0%| F|  |TAMS 0x0000000711800000| PB 0x0000000711800000| Untracked 
|  90|0x0000000711a00000, 0x0000000711a00000, 0x0000000711c00000|  0%| F|  |TAMS 0x0000000711a00000| PB 0x0000000711a00000| Untracked 
|  91|0x0000000711c00000, 0x0000000711c00000, 0x0000000711e00000|  0%| F|  |TAMS 0x0000000711c00000| PB 0x0000000711c00000| Untracked 
|  92|0x0000000711e00000, 0x0000000711e00000, 0x0000000712000000|  0%| F|  |TAMS 0x0000000711e00000| PB 0x0000000711e00000| Untracked 
|  93|0x0000000712000000, 0x0000000712000000, 0x0000000712200000|  0%| F|  |TAMS 0x0000000712000000| PB 0x0000000712000000| Untracked 
|  94|0x0000000712200000, 0x0000000712200000, 0x0000000712400000|  0%| F|  |TAMS 0x0000000712200000| PB 0x0000000712200000| Untracked 
|  95|0x0000000712400000, 0x0000000712400000, 0x0000000712600000|  0%| F|  |TAMS 0x0000000712400000| PB 0x0000000712400000| Untracked 
|  96|0x0000000712600000, 0x0000000712600000, 0x0000000712800000|  0%| F|  |TAMS 0x0000000712600000| PB 0x0000000712600000| Untracked 
|  97|0x0000000712800000, 0x0000000712800000, 0x0000000712a00000|  0%| F|  |TAMS 0x0000000712800000| PB 0x0000000712800000| Untracked 
|  98|0x0000000712a00000, 0x0000000712a00000, 0x0000000712c00000|  0%| F|  |TAMS 0x0000000712a00000| PB 0x0000000712a00000| Untracked 
|  99|0x0000000712c00000, 0x0000000712c00000, 0x0000000712e00000|  0%| F|  |TAMS 0x0000000712c00000| PB 0x0000000712c00000| Untracked 
| 100|0x0000000712e00000, 0x0000000712e00000, 0x0000000713000000|  0%| F|  |TAMS 0x0000000712e00000| PB 0x0000000712e00000| Untracked 
| 101|0x0000000713000000, 0x0000000713000000, 0x0000000713200000|  0%| F|  |TAMS 0x0000000713000000| PB 0x0000000713000000| Untracked 
| 102|0x0000000713200000, 0x0000000713200000, 0x0000000713400000|  0%| F|  |TAMS 0x0000000713200000| PB 0x0000000713200000| Untracked 
| 103|0x0000000713400000, 0x0000000713400000, 0x0000000713600000|  0%| F|  |TAMS 0x0000000713400000| PB 0x0000000713400000| Untracked 
| 104|0x0000000713600000, 0x0000000713600000, 0x0000000713800000|  0%| F|  |TAMS 0x0000000713600000| PB 0x0000000713600000| Untracked 
| 105|0x0000000713800000, 0x0000000713800000, 0x0000000713a00000|  0%| F|  |TAMS 0x0000000713800000| PB 0x0000000713800000| Untracked 
| 106|0x0000000713a00000, 0x0000000713a00000, 0x0000000713c00000|  0%| F|  |TAMS 0x0000000713a00000| PB 0x0000000713a00000| Untracked 
| 107|0x0000000713c00000, 0x0000000713c00000, 0x0000000713e00000|  0%| F|  |TAMS 0x0000000713c00000| PB 0x0000000713c00000| Untracked 
| 108|0x0000000713e00000, 0x0000000713e00000, 0x0000000714000000|  0%| F|  |TAMS 0x0000000713e00000| PB 0x0000000713e00000| Untracked 
| 109|0x0000000714000000, 0x0000000714000000, 0x0000000714200000|  0%| F|  |TAMS 0x0000000714000000| PB 0x0000000714000000| Untracked 
| 110|0x0000000714200000, 0x0000000714200000, 0x0000000714400000|  0%| F|  |TAMS 0x0000000714200000| PB 0x0000000714200000| Untracked 
| 111|0x0000000714400000, 0x0000000714400000, 0x0000000714600000|  0%| F|  |TAMS 0x0000000714400000| PB 0x0000000714400000| Untracked 
| 112|0x0000000714600000, 0x0000000714600000, 0x0000000714800000|  0%| F|  |TAMS 0x0000000714600000| PB 0x0000000714600000| Untracked 
| 113|0x0000000714800000, 0x0000000714800000, 0x0000000714a00000|  0%| F|  |TAMS 0x0000000714800000| PB 0x0000000714800000| Untracked 
| 114|0x0000000714a00000, 0x0000000714a00000, 0x0000000714c00000|  0%| F|  |TAMS 0x0000000714a00000| PB 0x0000000714a00000| Untracked 
| 115|0x0000000714c00000, 0x0000000714c00000, 0x0000000714e00000|  0%| F|  |TAMS 0x0000000714c00000| PB 0x0000000714c00000| Untracked 
| 116|0x0000000714e00000, 0x0000000714e00000, 0x0000000715000000|  0%| F|  |TAMS 0x0000000714e00000| PB 0x0000000714e00000| Untracked 
| 117|0x0000000715000000, 0x0000000715000000, 0x0000000715200000|  0%| F|  |TAMS 0x0000000715000000| PB 0x0000000715000000| Untracked 
| 118|0x0000000715200000, 0x0000000715200000, 0x0000000715400000|  0%| F|  |TAMS 0x0000000715200000| PB 0x0000000715200000| Untracked 
| 119|0x0000000715400000, 0x00000007154e1cb0, 0x0000000715600000| 44%| E|  |TAMS 0x0000000715400000| PB 0x0000000715400000| Complete 
| 120|0x0000000715600000, 0x0000000715800000, 0x0000000715800000|100%| E|CS|TAMS 0x0000000715600000| PB 0x0000000715600000| Complete 
| 121|0x0000000715800000, 0x0000000715a00000, 0x0000000715a00000|100%| E|CS|TAMS 0x0000000715800000| PB 0x0000000715800000| Complete 
| 122|0x0000000715a00000, 0x0000000715c00000, 0x0000000715c00000|100%| E|CS|TAMS 0x0000000715a00000| PB 0x0000000715a00000| Complete 
| 123|0x0000000715c00000, 0x0000000715e00000, 0x0000000715e00000|100%| E|CS|TAMS 0x0000000715c00000| PB 0x0000000715c00000| Complete 
| 124|0x0000000715e00000, 0x0000000716000000, 0x0000000716000000|100%| E|CS|TAMS 0x0000000715e00000| PB 0x0000000715e00000| Complete 

Card table byte_map: [0x000002731f7d0000,0x000002731ffa0000] _byte_map_base: 0x000002731bf9d000

Marking Bits: (CMBitMap*) 0x00000273046bf6e0
 Bits: [0x000002731ffa0000, 0x0000027323e08000)

Polling page: 0x0000027303b30000

Metaspace:

Usage:
  Non-class:      8.28 MB used.
      Class:      1.08 MB used.
       Both:      9.35 MB used.

Virtual space:
  Non-class space:       64.00 MB reserved,       8.44 MB ( 13%) committed,  1 nodes.
      Class space:        1.00 GB reserved,       1.19 MB ( <1%) committed,  1 nodes.
             Both:        1.06 GB reserved,       9.62 MB ( <1%) committed. 

Chunk freelists:
   Non-Class:  6.97 MB
       Class:  14.74 MB
        Both:  21.71 MB

MaxMetaspaceSize: unlimited
CompressedClassSpaceSize: 1.00 GB
Initial GC threshold: 21.00 MB
Current GC threshold: 21.00 MB
CDS: on
 - commit_granule_bytes: 65536.
 - commit_granule_words: 8192.
 - virtual_space_node_default_size: 8388608.
 - enlarge_chunks_in_place: 1.
 - use_allocation_guard: 0.


Internal statistics:

num_allocs_failed_limit: 0.
num_arena_births: 168.
num_arena_deaths: 0.
num_vsnodes_births: 2.
num_vsnodes_deaths: 0.
num_space_committed: 154.
num_space_uncommitted: 0.
num_chunks_returned_to_freelist: 0.
num_chunks_taken_from_freelist: 227.
num_chunk_merges: 0.
num_chunk_splits: 129.
num_chunks_enlarged: 51.
num_inconsistent_stats: 0.

CodeHeap 'non-profiled nmethods': size=120000Kb used=290Kb max_used=290Kb free=119710Kb
 bounds [0x00000273164f0000, 0x0000027316760000, 0x000002731da20000]
CodeHeap 'profiled nmethods': size=120000Kb used=1584Kb max_used=1584Kb free=118415Kb
 bounds [0x000002730ea20000, 0x000002730ec90000, 0x0000027315f50000]
CodeHeap 'non-nmethods': size=5760Kb used=1459Kb max_used=1474Kb free=4300Kb
 bounds [0x0000027315f50000, 0x00000273161c0000, 0x00000273164f0000]
 total_blobs=1658 nmethods=1029 adapters=538
 compilation: enabled
              stopped_count=0, restarted_count=0
 full_count=0

Compilation events (20 events):
Event: 9.893 Thread 0x000002730484cfc0 1019       1       javax.swing.text.View::getElement (5 bytes)
Event: 9.893 Thread 0x000002730484cfc0 nmethod 1019 0x0000027316537e10 code [0x0000027316537f80, 0x0000027316538028]
Event: 9.893 Thread 0x000002730484cfc0 1020   !   3       sun.font.FontManagerFactory::getInstance (41 bytes)
Event: 9.894 Thread 0x000002730484cfc0 nmethod 1020 0x000002730eba5f10 code [0x000002730eba61c0, 0x000002730eba6b88]
Event: 9.894 Thread 0x000002730484cfc0 1021       3       java.lang.StringUTF16::putChar (54 bytes)
Event: 9.894 Thread 0x000002730484cfc0 nmethod 1021 0x000002730eba7010 code [0x000002730eba71c0, 0x000002730eba7318]
Event: 10.681 Thread 0x000002730484cfc0 1022       1       javax.swing.text.JTextComponent::getDocument (5 bytes)
Event: 10.681 Thread 0x000002730484cfc0 nmethod 1022 0x0000027316538110 code [0x0000027316538280, 0x0000027316538328]
Event: 10.688 Thread 0x000002730484cfc0 1023       3       java.beans.PropertyChangeSupport::firePropertyChange (35 bytes)
Event: 10.689 Thread 0x000002730484cfc0 nmethod 1023 0x000002730eba7410 code [0x000002730eba7640, 0x000002730eba7d78]
Event: 10.689 Thread 0x000002730484cfc0 1025  s    3       java.awt.Toolkit::getDefaultToolkit (53 bytes)
Event: 10.689 Thread 0x000002730484cfc0 nmethod 1025 0x000002730eba8010 code [0x000002730eba8440, 0x000002730eba9918]
Event: 10.689 Thread 0x000002730484cfc0 1024       3       java.beans.PropertyChangeEvent::<init> (22 bytes)
Event: 10.689 Thread 0x000002730484cfc0 nmethod 1024 0x000002730eba9e90 code [0x000002730ebaa080, 0x000002730ebaa480]
Event: 18.418 Thread 0x000002730484cfc0 1026       3       java.util.ArrayList::toArray (57 bytes)
Event: 18.418 Thread 0x000002730484cfc0 nmethod 1026 0x000002730ebaa610 code [0x000002730ebaa800, 0x000002730ebaad50]
Event: 18.973 Thread 0x000002730484cfc0 1027       3       java.lang.Long::numberOfTrailingZeros (26 bytes)
Event: 18.973 Thread 0x000002730484cfc0 nmethod 1027 0x000002730ebaae90 code [0x000002730ebab040, 0x000002730ebab208]
Event: 18.974 Thread 0x000002730484cfc0 1029       3       java.lang.invoke.MethodHandle::keepsAlive (20 bytes)
Event: 18.974 Thread 0x000002730484cfc0 nmethod 1029 0x000002730ebab310 code [0x000002730ebab600, 0x000002730ebac038]

GC Heap History (0 events):
No events

Dll operation events (12 events):
Event: 0.005 Loaded shared library C:\Program Files\Microsoft\jdk-21.0.4.7-hotspot\bin\java.dll
Event: 0.046 Loaded shared library C:\Program Files\Microsoft\jdk-21.0.4.7-hotspot\bin\zip.dll
Event: 0.049 Loaded shared library C:\Program Files\Microsoft\jdk-21.0.4.7-hotspot\bin\instrument.dll
Event: 0.052 Loaded shared library C:\Program Files\Microsoft\jdk-21.0.4.7-hotspot\bin\net.dll
Event: 0.053 Loaded shared library C:\Program Files\Microsoft\jdk-21.0.4.7-hotspot\bin\nio.dll
Event: 0.055 Loaded shared library C:\Program Files\Microsoft\jdk-21.0.4.7-hotspot\bin\zip.dll
Event: 0.061 Loaded shared library C:\Program Files\JetBrains\IntelliJ IDEA Community Edition 2024.1.4\bin\breakgen64a.dll
Event: 0.065 Loaded shared library C:\Program Files\Microsoft\jdk-21.0.4.7-hotspot\bin\extnet.dll
Event: 0.068 Loaded shared library C:\Program Files\Microsoft\jdk-21.0.4.7-hotspot\bin\jimage.dll
Event: 0.077 Loaded shared library C:\Program Files\Microsoft\jdk-21.0.4.7-hotspot\bin\awt.dll
Event: 0.252 Loaded shared library C:\Program Files\Microsoft\jdk-21.0.4.7-hotspot\bin\freetype.dll
Event: 0.253 Loaded shared library C:\Program Files\Microsoft\jdk-21.0.4.7-hotspot\bin\fontmanager.dll

Deoptimization events (20 events):
Event: 0.215 Thread 0x00000273041b9dc0 DEOPT PACKING pc=0x00000273164fdd5c sp=0x00000093c53fedf0
Event: 0.215 Thread 0x00000273041b9dc0 DEOPT UNPACKING pc=0x0000027315f9301c sp=0x00000093c53fed40 mode 2
Event: 0.240 Thread 0x00000273041b9dc0 Uncommon trap: trap_request=0xffffff45 fr.pc=0x00000273164fe880 relative=0x0000000000000140
Event: 0.240 Thread 0x00000273041b9dc0 Uncommon trap: reason=unstable_if action=reinterpret pc=0x00000273164fe880 method=java.lang.String.equals(Ljava/lang/Object;)Z @ 33 c2
Event: 0.240 Thread 0x00000273041b9dc0 DEOPT PACKING pc=0x00000273164fe880 sp=0x00000093c53ff380
Event: 0.240 Thread 0x00000273041b9dc0 DEOPT UNPACKING pc=0x0000027315f9301c sp=0x00000093c53ff310 mode 2
Event: 0.258 Thread 0x00000273041b9dc0 Uncommon trap: trap_request=0xffffff45 fr.pc=0x00000273165183f4 relative=0x0000000000000834
Event: 0.258 Thread 0x00000273041b9dc0 Uncommon trap: reason=unstable_if action=reinterpret pc=0x00000273165183f4 method=java.util.HashMap.putVal(ILjava/lang/Object;Ljava/lang/Object;ZZ)Ljava/lang/Object; @ 181 c2
Event: 0.258 Thread 0x00000273041b9dc0 DEOPT PACKING pc=0x00000273165183f4 sp=0x00000093c53fe580
Event: 0.258 Thread 0x00000273041b9dc0 DEOPT UNPACKING pc=0x0000027315f9301c sp=0x00000093c53fe4c0 mode 2
Event: 0.287 Thread 0x00000273041b9dc0 DEOPT PACKING pc=0x000002730ea5474c sp=0x00000093c53fce50
Event: 0.287 Thread 0x00000273041b9dc0 DEOPT UNPACKING pc=0x0000027315f92e7c sp=0x00000093c53fca80 mode 0
Event: 0.302 Thread 0x00000273041b9dc0 Uncommon trap: trap_request=0xffffff45 fr.pc=0x0000027316501408 relative=0x00000000000000c8
Event: 0.302 Thread 0x00000273041b9dc0 Uncommon trap: reason=unstable_if action=reinterpret pc=0x0000027316501408 method=java.lang.String.charAt(I)C @ 4 c2
Event: 0.302 Thread 0x00000273041b9dc0 DEOPT PACKING pc=0x0000027316501408 sp=0x00000093c53fe500
Event: 0.302 Thread 0x00000273041b9dc0 DEOPT UNPACKING pc=0x0000027315f9301c sp=0x00000093c53fe4a0 mode 2
Event: 0.356 Thread 0x000002732c2bd1a0 DEOPT PACKING pc=0x000002730eb25664 sp=0x00000093c6afdff0
Event: 0.356 Thread 0x000002732c2bd1a0 DEOPT UNPACKING pc=0x0000027315f92e7c sp=0x00000093c6afdd30 mode 3
Event: 9.850 Thread 0x000002732c4fa3d0 DEOPT PACKING pc=0x000002730eb2a7dc sp=0x00000093c71fdee0
Event: 9.850 Thread 0x000002732c4fa3d0 DEOPT UNPACKING pc=0x0000027315f92e7c sp=0x00000093c71fdb40 mode 3

Classes loaded (20 events):
Event: 9.852 Loading class java/io/ObjectInputFilter
Event: 9.852 Loading class java/io/ObjectInputFilter done
Event: 9.852 Loading class java/io/ObjectInputFilter$Config$BuiltinFilterFactory
Event: 9.852 Loading class java/io/ObjectInputFilter$Config$BuiltinFilterFactory done
Event: 9.852 Loading class jdk/internal/access/JavaObjectInputFilterAccess
Event: 9.852 Loading class jdk/internal/access/JavaObjectInputFilterAccess done
Event: 9.884 Loading class java/io/EOFException
Event: 9.884 Loading class java/io/EOFException done
Event: 9.884 Loading class javax/swing/text/AbstractDocument$ElementEdit
Event: 9.884 Loading class javax/swing/text/AbstractDocument$ElementEdit done
Event: 9.887 Loading class javax/swing/text/DefaultCaret$1
Event: 9.887 Loading class javax/swing/text/DefaultCaret$1 done
Event: 9.887 Loading class java/lang/Throwable$WrappedPrintStream
Event: 9.887 Loading class java/lang/Throwable$PrintStreamOrWriter
Event: 9.887 Loading class java/lang/Throwable$PrintStreamOrWriter done
Event: 9.887 Loading class java/lang/Throwable$WrappedPrintStream done
Event: 9.887 Loading class java/lang/StackTraceElement$HashedModules
Event: 9.887 Loading class java/lang/StackTraceElement$HashedModules done
Event: 10.820 Loading class java/awt/LightweightDispatcher$2
Event: 10.820 Loading class java/awt/LightweightDispatcher$2 done

Classes unloaded (0 events):
No events

Classes redefined (0 events):
No events

Internal exceptions (19 events):
Event: 0.056 Thread 0x00000273041b9dc0 Exception <a 'java/lang/NoSuchMethodError'{0x0000000715d37f18}: 'void java.lang.invoke.DirectMethodHandle$Holder.invokeStatic(java.lang.Object, java.lang.Object, java.lang.Object)'> (0x0000000715d37f18) 
thrown [s\src\hotspot\share\interpreter\linkResolver.cpp, line 773]
Event: 0.058 Thread 0x00000273041b9dc0 Exception <a 'java/lang/NoSuchMethodError'{0x0000000715d4f9b0}: 'java.lang.Object java.lang.invoke.Invokers$Holder.invokeExact_MT(java.lang.Object, java.lang.Object, java.lang.Object, java.lang.Object, java.lang.Object)'> (0x0000000715d4f9b0) 
thrown [s\src\hotspot\share\interpreter\linkResolver.cpp, line 773]
Event: 0.066 Thread 0x0000027304960e00 Exception <a 'java/lang/NoSuchMethodError'{0x0000000715dcc928}: 'void java.lang.invoke.DirectMethodHandle$Holder.invokeStatic(java.lang.Object, java.lang.Object)'> (0x0000000715dcc928) 
thrown [s\src\hotspot\share\interpreter\linkResolver.cpp, line 773]
Event: 0.071 Thread 0x00000273041b9dc0 Exception <a 'java/lang/ClassNotFoundException'{0x0000000715d723c8}: sun/awt/resources/spi/awtProvider> (0x0000000715d723c8) 
thrown [s\src\hotspot\share\classfile\systemDictionary.cpp, line 312]
Event: 0.085 Thread 0x00000273041b9dc0 Exception <a 'java/io/FileNotFoundException'{0x0000000715a04190}> (0x0000000715a04190) 
thrown [s\src\hotspot\share\prims\jni.cpp, line 520]
Event: 0.088 Thread 0x00000273041b9dc0 Exception <a 'java/io/FileNotFoundException'{0x0000000715a2e938}> (0x0000000715a2e938) 
thrown [s\src\hotspot\share\prims\jni.cpp, line 520]
Event: 0.198 Thread 0x00000273041b9dc0 Exception <a 'java/lang/NoSuchMethodError'{0x0000000715ac7660}: 'void java.lang.invoke.DirectMethodHandle$Holder.invokeSpecial(java.lang.Object, java.lang.Object, java.lang.Object)'> (0x0000000715ac7660) 
thrown [s\src\hotspot\share\interpreter\linkResolver.cpp, line 773]
Event: 0.202 Thread 0x00000273041b9dc0 Exception <a 'java/lang/NoSuchMethodError'{0x0000000715bcebe0}: 'java.lang.Object java.lang.invoke.DirectMethodHandle$Holder.newInvokeSpecial(java.lang.Object, java.lang.Object, java.lang.Object, java.lang.Object, java.lang.Object)'> (0x0000000715bcebe0) 
thrown [s\src\hotspot\share\interpreter\linkResolver.cpp, line 773]
Event: 0.204 Thread 0x00000273041b9dc0 Exception <a 'java/lang/NoSuchMethodError'{0x0000000715bfb2f8}: 'java.lang.Object java.lang.invoke.DirectMethodHandle$Holder.invokeStatic(java.lang.Object, int, java.lang.Object)'> (0x0000000715bfb2f8) 
thrown [s\src\hotspot\share\interpreter\linkResolver.cpp, line 773]
Event: 0.215 Thread 0x00000273041b9dc0 Exception <a 'java/lang/ClassNotFoundException'{0x000000071589d350}: com/sun/swing/internal/plaf/metal/resources/spi/metalProvider> (0x000000071589d350) 
thrown [s\src\hotspot\share\classfile\systemDictionary.cpp, line 312]
Event: 0.216 Thread 0x00000273041b9dc0 Exception <a 'java/lang/ClassNotFoundException'{0x00000007158a2038}: com/sun/swing/internal/plaf/basic/resources/spi/basicProvider> (0x00000007158a2038) 
thrown [s\src\hotspot\share\classfile\systemDictionary.cpp, line 312]
Event: 0.222 Thread 0x00000273041b9dc0 Exception <a 'java/lang/NoSuchMethodError'{0x00000007158c17e8}: 'int java.lang.invoke.Invokers$Holder.invokeExact_MT(java.lang.Object, java.lang.Object)'> (0x00000007158c17e8) 
thrown [s\src\hotspot\share\interpreter\linkResolver.cpp, line 773]
Event: 0.255 Thread 0x00000273041b9dc0 Exception <a 'java/io/FileNotFoundException'{0x0000000715916588}> (0x0000000715916588) 
thrown [s\src\hotspot\share\prims\jni.cpp, line 520]
Event: 0.277 Thread 0x0000027304b62f90 Exception <a 'java/lang/NoSuchMethodError'{0x0000000715b613f0}: 'void java.lang.invoke.DirectMethodHandle$Holder.invokeVirtual(java.lang.Object, java.lang.Object)'> (0x0000000715b613f0) 
thrown [s\src\hotspot\share\interpreter\linkResolver.cpp, line 773]
Event: 0.284 Thread 0x00000273041b9dc0 Exception <a 'java/lang/NoSuchMethodError'{0x000000071560ba38}: 'void java.lang.invoke.DirectMethodHandle$Holder.invokeStaticInit(java.lang.Object)'> (0x000000071560ba38) 
thrown [s\src\hotspot\share\interpreter\linkResolver.cpp, line 773]
Event: 9.817 Thread 0x000002732c2bd1a0 Exception <a 'java/lang/NoSuchMethodError'{0x00000007159a9db8}: static LChatMsg;.<clinit>()V> (0x00000007159a9db8) 
thrown [s\src\hotspot\share\prims\jni.cpp, line 1111]
Event: 9.846 Thread 0x000002732c2bd1a0 Exception <a 'java/lang/NoSuchMethodError'{0x000000071542b288}: 'long java.lang.invoke.DirectMethodHandle$Holder.invokeSpecial(java.lang.Object, java.lang.Object)'> (0x000000071542b288) 
thrown [s\src\hotspot\share\interpreter\linkResolver.cpp, line 773]
Event: 9.846 Thread 0x000002732c2bd1a0 Exception <a 'java/lang/NoSuchMethodError'{0x000000071542e960}: 'long java.lang.invoke.Invokers$Holder.invokeExact_MT(java.lang.Object, java.lang.Object)'> (0x000000071542e960) 
thrown [s\src\hotspot\share\interpreter\linkResolver.cpp, line 773]
Event: 9.887 Thread 0x000002732c4fa3d0 Exception <a 'java/lang/NullPointerException'{0x000000071548b630}> (0x000000071548b630) 
thrown [s\src\hotspot\share\interpreter\linkResolver.cpp, line 1372]

ZGC Phase Switch (0 events):
No events

VM Operations (18 events):
Event: 0.039 Executing VM operation: HandshakeAllThreads (Deoptimize)
Event: 0.039 Executing VM operation: HandshakeAllThreads (Deoptimize) done
Event: 0.093 Executing VM operation: HandshakeAllThreads (Deoptimize)
Event: 0.093 Executing VM operation: HandshakeAllThreads (Deoptimize) done
Event: 0.231 Executing VM operation: HandshakeAllThreads (Deoptimize)
Event: 0.231 Executing VM operation: HandshakeAllThreads (Deoptimize) done
Event: 0.272 Executing VM operation: ICBufferFull
Event: 0.272 Executing VM operation: ICBufferFull done
Event: 0.357 Executing VM operation: HandshakeAllThreads (Deoptimize)
Event: 0.357 Executing VM operation: HandshakeAllThreads (Deoptimize) done
Event: 1.363 Executing VM operation: Cleanup
Event: 1.364 Executing VM operation: Cleanup done
Event: 7.400 Executing VM operation: Cleanup
Event: 7.400 Executing VM operation: Cleanup done
Event: 9.417 Executing VM operation: Cleanup
Event: 9.418 Executing VM operation: Cleanup done
Event: 10.423 Executing VM operation: Cleanup
Event: 10.423 Executing VM operation: Cleanup done

Memory protections (0 events):
No events

Nmethod flushes (0 events):
No events

Events (20 events):
Event: 0.024 Thread 0x00000273041b9dc0 Thread added: 0x000002730482bf20
Event: 0.024 Thread 0x00000273041b9dc0 Thread added: 0x000002730482f1f0
Event: 0.024 Thread 0x00000273041b9dc0 Thread added: 0x0000027304831770
Event: 0.024 Thread 0x00000273041b9dc0 Thread added: 0x0000027304834780
Event: 0.024 Thread 0x00000273041b9dc0 Thread added: 0x0000027304837c90
Event: 0.024 Thread 0x00000273041b9dc0 Thread added: 0x0000027304847ca0
Event: 0.024 Thread 0x00000273041b9dc0 Thread added: 0x000002730484cfc0
Event: 0.035 Thread 0x00000273041b9dc0 Thread added: 0x0000027304853810
Event: 0.061 Thread 0x00000273041b9dc0 Thread added: 0x0000027304960e00
Event: 0.061 Thread 0x00000273041b9dc0 Thread added: 0x0000027304961460
Event: 0.112 Thread 0x00000273041b9dc0 Thread added: 0x0000027304b61360
Event: 0.113 Thread 0x00000273041b9dc0 Thread added: 0x0000027304b61da0
Event: 0.114 Thread 0x00000273041b9dc0 Thread added: 0x0000027304b62f90
Event: 0.238 Thread 0x00000273041b9dc0 Thread added: 0x000002732c2bd1a0
Event: 0.329 Thread 0x00000273041b9dc0 Thread exited: 0x00000273041b9dc0
Event: 0.329 Thread 0x000002732c4faa50 Thread added: 0x000002732c4faa50
Event: 0.333 Thread 0x000002732c2bd1a0 Thread added: 0x000002732c4f96d0
Event: 0.385 Thread 0x000002732c2bd1a0 Thread added: 0x000002732c4fb0d0
Event: 9.849 Thread 0x000002732c2bd1a0 Thread added: 0x000002732c4fa3d0
Event: 9.888 Thread 0x000002732c4fa3d0 Thread exited: 0x000002732c4fa3d0


Dynamic libraries:
0x00007ff61aa40000 - 0x00007ff61aa4d000 	C:\Program Files\Microsoft\jdk-21.0.4.7-hotspot\bin\java.exe
0x00007ff991640000 - 0x00007ff991a61000 	C:\windows\SYSTEM32\ntdll.dll
0x00007ff991120000 - 0x00007ff991283000 	C:\windows\System32\KERNEL32.DLL
0x00007ff98cd50000 - 0x00007ff98d37c000 	C:\windows\System32\KERNELBASE.dll
0x00007ff98d380000 - 0x00007ff98d5a8000 	C:\windows\System32\ucrtbase.dll
0x00007ff97d770000 - 0x00007ff97d788000 	C:\Program Files\Microsoft\jdk-21.0.4.7-hotspot\bin\jli.dll
0x00007ff97d360000 - 0x00007ff97d396000 	C:\Program Files\Microsoft\jdk-21.0.4.7-hotspot\bin\VCRUNTIME140.dll
0x00007ff98df60000 - 0x00007ff98e1d5000 	C:\windows\System32\USER32.dll
0x00007ff963c70000 - 0x00007ff9640da000 	C:\windows\WinSxS\arm64_microsoft.windows.common-controls_6595b64144ccf1df_6.0.26100.1882_none_3e0e93f8e32ecb84\COMCTL32.dll
0x00007ff98d800000 - 0x00007ff98d85e000 	C:\windows\System32\win32u.dll
0x00007ff98dba0000 - 0x00007ff98dce8000 	C:\windows\System32\msvcrt.dll
0x00007ff9910b0000 - 0x00007ff991115000 	C:\windows\System32\GDI32.dll
0x00007ff98d870000 - 0x00007ff98da4b000 	C:\windows\System32\gdi32full.dll
0x00007ff98d6a0000 - 0x00007ff98d7f9000 	C:\windows\System32\msvcp_win.dll
0x00007ff9903e0000 - 0x00007ff990435000 	C:\windows\System32\IMM32.DLL
0x00007ff93b9c0000 - 0x00007ff93bb17000 	C:\Program Files\Microsoft\jdk-21.0.4.7-hotspot\bin\msvcp140.dll
0x00007ff926090000 - 0x00007ff926cd5000 	C:\Program Files\Microsoft\jdk-21.0.4.7-hotspot\bin\server\jvm.dll
0x00007ff990c00000 - 0x00007ff990d3f000 	C:\windows\System32\ADVAPI32.dll
0x00007ff9912b0000 - 0x00007ff9913ce000 	C:\windows\System32\sechost.dll
0x00007ff9901d0000 - 0x00007ff9903cd000 	C:\windows\System32\RPCRT4.dll
0x00007ff98eda0000 - 0x00007ff98ee64000 	C:\windows\System32\WS2_32.dll
0x00007ff98cb70000 - 0x00007ff98cbdc000 	C:\windows\SYSTEM32\POWRPROF.dll
0x00007ff929810000 - 0x00007ff929874000 	C:\windows\SYSTEM32\WINMM.dll
0x00007ff979ce0000 - 0x00007ff979cf6000 	C:\windows\SYSTEM32\VERSION.dll
0x00007ff98cb40000 - 0x00007ff98cb65000 	C:\windows\SYSTEM32\UMPDC.dll
0x00007ff98acf0000 - 0x00007ff98ad20000 	C:\windows\SYSTEM32\kernel.appcore.dll
0x00007ff97d8a0000 - 0x00007ff97d8aa000 	C:\Program Files\Microsoft\jdk-21.0.4.7-hotspot\bin\jimage.dll
0x00007ff9889d0000 - 0x00007ff988e0a000 	C:\windows\SYSTEM32\DBGHELP.DLL
0x00007ff98e1e0000 - 0x00007ff98e84d000 	C:\windows\System32\combase.dll
0x00007ff98dcf0000 - 0x00007ff98de93000 	C:\windows\System32\OLEAUT32.dll
0x00007ff96f340000 - 0x00007ff96f3aa000 	C:\windows\SYSTEM32\dbgcore.DLL
0x00007ff98d5b0000 - 0x00007ff98d690000 	C:\windows\System32\bcryptPrimitives.dll
0x00007ff97d4f0000 - 0x00007ff97d4ff000 	C:\Program Files\Microsoft\jdk-21.0.4.7-hotspot\bin\instrument.dll
0x00007ff97d1a0000 - 0x00007ff97d1c0000 	C:\Program Files\Microsoft\jdk-21.0.4.7-hotspot\bin\java.dll
0x00007ff98f130000 - 0x00007ff98fecc000 	C:\windows\System32\SHELL32.dll
0x00007ff988e90000 - 0x00007ff98a007000 	C:\windows\SYSTEM32\windows.storage.dll
0x00007ff990440000 - 0x00007ff9905ff000 	C:\windows\System32\SHCORE.dll
0x00007ff9913e0000 - 0x00007ff991488000 	C:\windows\System32\shlwapi.dll
0x00007ff98cc00000 - 0x00007ff98cc4a000 	C:\windows\SYSTEM32\profapi.dll
0x00007ff97bf70000 - 0x00007ff97bf88000 	C:\Program Files\Microsoft\jdk-21.0.4.7-hotspot\bin\zip.dll
0x00007ff97c270000 - 0x00007ff97c281000 	C:\Program Files\Microsoft\jdk-21.0.4.7-hotspot\bin\net.dll
0x00007ff984c30000 - 0x00007ff984e43000 	C:\windows\SYSTEM32\WINHTTP.dll
0x00007ff98b4b0000 - 0x00007ff98b56d000 	C:\windows\system32\mswsock.dll
0x00007ff97c250000 - 0x00007ff97c266000 	C:\Program Files\Microsoft\jdk-21.0.4.7-hotspot\bin\nio.dll
0x00007ff97bf00000 - 0x00007ff97bf17000 	C:\Program Files\JetBrains\IntelliJ IDEA Community Edition 2024.1.4\bin\breakgen64a.dll
0x00007ff97d3d0000 - 0x00007ff97d3d8000 	C:\Program Files\Microsoft\jdk-21.0.4.7-hotspot\bin\extnet.dll
0x00007ff929e90000 - 0x00007ff92a014000 	C:\Program Files\Microsoft\jdk-21.0.4.7-hotspot\bin\awt.dll
0x00007ff98ca10000 - 0x00007ff98cb11000 	C:\windows\SYSTEM32\apphelp.dll
0x00007ff987ec0000 - 0x00007ff987f10000 	C:\windows\system32\DWMAPI.DLL
0x00007ff987a40000 - 0x00007ff987b60000 	C:\windows\system32\uxtheme.dll
0x00007ff93bb20000 - 0x00007ff93bce1000 	C:\windows\system32\opengl32.dll
0x00007ff971d80000 - 0x00007ff971dd0000 	C:\windows\SYSTEM32\GLU32.dll
0x00007ff987bf0000 - 0x00007ff987c75000 	C:\windows\SYSTEM32\dxcore.dll
0x00007ff990d50000 - 0x00007ff990fd9000 	C:\windows\System32\MSCTF.dll
0x00007ff98eae0000 - 0x00007ff98ed90000 	C:\windows\System32\ole32.dll
0x00007ff98c500000 - 0x00007ff98c5ad000 	C:\windows\SYSTEM32\cfgmgr32.dll
0x00007ff98b9b0000 - 0x00007ff98b9c6000 	C:\windows\SYSTEM32\CRYPTBASE.DLL
0x00007ff96c200000 - 0x00007ff96c6c1000 	C:\windows\SYSTEM32\twinapi.appcore.dll
0x00007ff933f60000 - 0x00007ff933f8c000 	C:\windows\system32\napinsp.dll
0x00007ff933f10000 - 0x00007ff933f53000 	C:\windows\system32\nlansp_c.dll
0x00007ff98a450000 - 0x00007ff98a642000 	C:\windows\SYSTEM32\DNSAPI.dll
0x00007ff98a3f0000 - 0x00007ff98a44b000 	C:\windows\SYSTEM32\IPHLPAPI.DLL
0x00007ff990fe0000 - 0x00007ff990ff2000 	C:\windows\System32\NSI.dll
0x00007ff933ee0000 - 0x00007ff933f03000 	C:\windows\System32\winrnr.dll
0x00007ff97bc80000 - 0x00007ff97bcae000 	C:\windows\system32\wshbth.dll
0x00007ff984c10000 - 0x00007ff984c25000 	C:\Windows\System32\rasadhlp.dll
0x00007ff985590000 - 0x00007ff985672000 	C:\windows\System32\fwpuclnt.dll
0x00007ff9685e0000 - 0x00007ff968659000 	C:\Program Files\Microsoft\jdk-21.0.4.7-hotspot\bin\freetype.dll
0x00007ff9584c0000 - 0x00007ff958595000 	C:\Program Files\Microsoft\jdk-21.0.4.7-hotspot\bin\fontmanager.dll
0x00007ff98e9a0000 - 0x00007ff98eac5000 	C:\windows\System32\clbcatq.dll
0x00007ff987130000 - 0x00007ff9874ea000 	C:\windows\SYSTEM32\WindowsCodecs.dll
0x00007ff950910000 - 0x00007ff9509cb000 	C:\windows\system32\dataexchange.dll
0x00007ff979d00000 - 0x00007ff979f84000 	C:\windows\SYSTEM32\textinputframework.dll
0x00007ff94d8b0000 - 0x00007ff94d99c000 	C:\windows\system32\Oleacc.dll
0x00007ff953fb0000 - 0x00007ff954088000 	C:\windows\system32\Ninput.dll

dbghelp: loaded successfully - version: 4.0.5 - missing functions: none
symbol engine: initialized successfully - sym options: 0x614 - pdb path: .;C:\Program Files\Microsoft\jdk-21.0.4.7-hotspot\bin;C:\windows\SYSTEM32;C:\windows\WinSxS\arm64_microsoft.windows.common-controls_6595b64144ccf1df_6.0.26100.1882_none_3e0e93f8e32ecb84;C:\Program Files\Microsoft\jdk-21.0.4.7-hotspot\bin\server;C:\Program Files\JetBrains\IntelliJ IDEA Community Edition 2024.1.4\bin;C:\windows\System32\DriverStore\FileRepository\qcdx8380.inf_arm64_520e7769d20f1c04

VM Arguments:
jvm_args: -javaagent:C:\Program Files\JetBrains\IntelliJ IDEA Community Edition 2024.1.4\lib\idea_rt.jar=53369:C:\Program Files\JetBrains\IntelliJ IDEA Community Edition 2024.1.4\bin -Dfile.encoding=UTF-8 -Dsun.stdout.encoding=UTF-8 -Dsun.stderr.encoding=UTF-8 
java_command: ObjTalk
java_class_path (initial): C:\work\java\np2024\MulImgChatClient\out\production\MulImgChatClient
Launcher Type: SUN_STANDARD

[Global flags]
     intx CICompilerCount                          = 4                                         {product} {ergonomic}
     uint ConcGCThreads                            = 3                                         {product} {ergonomic}
     uint G1ConcRefinementThreads                  = 10                                        {product} {ergonomic}
   size_t G1HeapRegionSize                         = 2097152                                   {product} {ergonomic}
    uintx GCDrainStackTargetSize                   = 64                                        {product} {ergonomic}
   size_t InitialHeapSize                          = 262144000                                 {product} {ergonomic}
   size_t MarkStackSize                            = 4194304                                   {product} {ergonomic}
   size_t MaxHeapSize                              = 4188012544                                {product} {ergonomic}
   size_t MaxNewSize                               = 2512388096                                {product} {ergonomic}
   size_t MinHeapDeltaBytes                        = 2097152                                   {product} {ergonomic}
   size_t MinHeapSize                              = 8388608                                   {product} {ergonomic}
    uintx NonNMethodCodeHeapSize                   = 5839564                                {pd product} {ergonomic}
    uintx NonProfiledCodeHeapSize                  = 122909338                              {pd product} {ergonomic}
    uintx ProfiledCodeHeapSize                     = 122909338                              {pd product} {ergonomic}
    uintx ReservedCodeCacheSize                    = 251658240                              {pd product} {ergonomic}
     bool SegmentedCodeCache                       = true                                      {product} {ergonomic}
   size_t SoftMaxHeapSize                          = 4188012544                             {manageable} {ergonomic}
     bool UseCompressedOops                        = true                           {product lp64_product} {ergonomic}
     bool UseG1GC                                  = true                                      {product} {ergonomic}
     bool UseLargePagesIndividualAllocation        = false                                  {pd product} {ergonomic}

Logging:
Log output configuration:
 #0: stdout all=warning uptime,level,tags foldmultilines=false
 #1: stderr all=off uptime,level,tags foldmultilines=false

Environment Variables:
JAVA_HOME=C:\Program Files\Microsoft\jdk-21.0.4.7-hotspot\
PATH=C:\Program Files\Microsoft\jdk-21.0.4.7-hotspot\bin;C:\Program Files\Common Files\Oracle\Java\javapath;C:\windows\system32;C:\windows;C:\windows\System32\Wbem;C:\windows\System32\WindowsPowerShell\v1.0\;C:\windows\System32\OpenSSH\;C:\Program Files\Git\cmd;C:\Program Files\dotnet\;C:\Program Files\nodejs\;C:\Program Files\Bandizip\;C:\Users\rladu\AppData\Local\Pub\Cache\bin;C:\Users\rladu\AppData\Local\Microsoft\WindowsApps;C:\Program Files\JetBrains\IntelliJ IDEA Community Edition 2024.1.4\bin;;C:\Users\rladu\AppData\Local\Programs\Microsoft VS Code\bin;C:\Users\rladu\AppData\Roaming\npm;C:\work\mobile\flutter\bin;C:\Users\rladu\AppData\Local\Pub\Cache\bin;
USERNAME=rladu
OS=Windows_NT
PROCESSOR_IDENTIFIER=ARMv8 (64-bit) Family 8 Model 1 Revision 201, Qualcomm Technologies Inc
TMP=C:\Users\rladu\AppData\Local\Temp
TEMP=C:\Users\rladu\AppData\Local\Temp




Periodic native trim disabled

---------------  S Y S T E M  ---------------

OS:
 Windows 11 , 64 bit Build 26100 (10.0.26100.2033)
OS uptime: 0 days 13:19 hours

CPU: total 12 (initial active 12) 0x00:0x0:0x000:0, asimd, aes, sha1, sha256, crc32
Processor Information for processor 0
  Max Mhz: 3417, Current Mhz: 1190, Mhz Limit: 3417
Processor Information for processor 1
  Max Mhz: 3417, Current Mhz: 1190, Mhz Limit: 3417
Processor Information for processor 2
  Max Mhz: 3417, Current Mhz: 1190, Mhz Limit: 3417
Processor Information for processor 3
  Max Mhz: 3417, Current Mhz: 1190, Mhz Limit: 3417
Processor Information for processor 4
  Max Mhz: 3417, Current Mhz: 4012, Mhz Limit: 3417
Processor Information for processor 5
  Max Mhz: 3417, Current Mhz: 4012, Mhz Limit: 3417
Processor Information for processor 6
  Max Mhz: 3417, Current Mhz: 4012, Mhz Limit: 3417
Processor Information for processor 7
  Max Mhz: 3417, Current Mhz: 4012, Mhz Limit: 3417
Processor Information for processor 8
  Max Mhz: 3417, Current Mhz: 4012, Mhz Limit: 3417
Processor Information for processor 9
  Max Mhz: 3417, Current Mhz: 4012, Mhz Limit: 3417
Processor Information for processor 10
  Max Mhz: 3417, Current Mhz: 4012, Mhz Limit: 3417
Processor Information for processor 11
  Max Mhz: 3417, Current Mhz: 4012, Mhz Limit: 3417

Memory: 4k page, system-wide physical 15973M (5796M free)
TotalPageFile size 16997M (AvailPageFile size 5269M)
current process WorkingSet (physical memory assigned to process): 146M, peak: 357M
current process commit charge ("private bytes"): 427M, peak: 637M

vm_info: OpenJDK 64-Bit Server VM (21.0.4+7-LTS) for windows-aarch64 JRE (21.0.4+7-LTS), built on 2024-07-16T17:50:25Z by "MicrosoftCorporation" with unknown MS VC++:1939

END.
